../libraries/AP_Common/Arduino.mk:178: WARNING: More than one copy of Arduino was found, using /usr/local/share/arduino
%% ArduCopter.cpp
%% ArduCopter.o
/root/apm/ardupilot-mega/ArduCopter/ArduCopter.pde:310: error: invalid conversion from 'AP_Semaphore*' to 'int16_t'
/root/apm/ardupilot-mega/ArduCopter/ArduCopter.pde:310: error:   initializing argument 1 of 'AP_OpticalFlow_ADNS3080::AP_OpticalFlow_ADNS3080(int16_t, int16_t)'
/root/apm/ardupilot-mega/ArduCopter/ArduCopter.pde: In function 'void update_altitude()':
/root/apm/ardupilot-mega/ArduCopter/ArduCopter.pde:2113: warning: unused variable 'old_sonar_alt'
/root/apm/ardupilot-mega/ArduCopter/Attitude.pde: At global scope:
/root/apm/ardupilot-mega/ArduCopter/Attitude.pde:115: warning: 'void get_stabilize_rate_yaw(int32_t)' defined but not used
autogenerated:55: warning: 'int16_t heli_get_angle_boost(int16_t)' declared 'static' but never defined
/root/apm/ardupilot-mega/ArduCopter/Attitude.pde:760: warning: 'int16_t get_z_damping()' defined but not used
autogenerated:75: warning: 'void send_simstate(mavlink_channel_t)' declared 'static' but never defined
/root/apm/ardupilot-mega/ArduCopter/GCS_Mavlink.pde:2082: warning: 'void gcs_send_text(gcs_severity, const char*)' defined but not used
/root/apm/ardupilot-mega/ArduCopter/Log.pde:346: warning: 'void Log_Write_Raw()' defined but not used
/root/apm/ardupilot-mega/ArduCopter/Log.pde:946: warning: 'void Log_Write_DMP()' defined but not used
/root/apm/ardupilot-mega/ArduCopter/commands_logic.pde:744: warning: 'void do_target_yaw()' defined but not used
/root/apm/ardupilot-mega/ArduCopter/commands_logic.pde:753: warning: 'void do_loiter_at_location()' defined but not used
/root/apm/ardupilot-mega/ArduCopter/events.pde:65: warning: 'void low_battery_event()' defined but not used
/root/apm/ardupilot-mega/ArduCopter/navigation.pde:302: warning: 'void clear_new_altitude()' defined but not used
autogenerated:282: warning: 'void ReadSCP1000()' declared 'static' but never defined
autogenerated:283: warning: 'void init_sonar()' declared 'static' but never defined
autogenerated:284: warning: 'void init_barometer()' declared 'static' but never defined
autogenerated:285: warning: 'int32_t read_barometer()' declared 'static' but never defined
autogenerated:298: warning: 'void report_heli()' declared 'static' but never defined
autogenerated:299: warning: 'void report_gyro()' declared 'static' but never defined
autogenerated:306: warning: 'RC_Channel* heli_get_servo(int16_t)' declared 'static' but never defined
autogenerated:307: warning: 'int16_t read_num_from_serial()' declared 'static' but never defined
/root/apm/ardupilot-mega/ArduCopter/setup.pde:1098: warning: 'bool wait_for_yes()' defined but not used
autogenerated:323: warning: 'boolean check_startup_for_CLI()' declared 'static' but never defined
/root/apm/ardupilot-mega/ArduCopter/ArduCopter.pde:445: warning: 'rc_override' defined but not used
/root/apm/ardupilot-mega/ArduCopter/ArduCopter.pde:447: warning: 'rc_override_active' defined but not used
/root/apm/ardupilot-mega/ArduCopter/ArduCopter.pde:449: warning: 'rc_override_fs_timer' defined but not used
/root/apm/ardupilot-mega/ArduCopter/test.pde:36: warning: 'int8_t test_rawgps(uint8_t, const Menu::arg*)' declared 'static' but never defined
make: *** [/tmp/ArduCopter.build/ArduCopter.o] Error 1
