../libraries/AP_Common/Arduino.mk:178: WARNING: More than one copy of Arduino was found, using /usr/local/share/arduino
%% ArduCopter.cpp
%% ArduCopter.o
/root/apm/ardupilot-mega/ArduCopter/ArduCopter.pde: In function 'void update_altitude()':
/root/apm/ardupilot-mega/ArduCopter/ArduCopter.pde:2136: warning: unused variable 'old_sonar_alt'
/root/apm/ardupilot-mega/ArduCopter/GCS_Mavlink.pde: In function 'bool telemetry_delayed(mavlink_channel_t)':
/root/apm/ardupilot-mega/ArduCopter/GCS_Mavlink.pde:471: warning: comparison between signed and unsigned integer expressions
/root/apm/ardupilot-mega/ArduCopter/Attitude.pde: At global scope:
/root/apm/ardupilot-mega/ArduCopter/Attitude.pde:501: warning: 'int16_t get_angle_boost(int16_t)' defined but not used
/root/apm/ardupilot-mega/ArduCopter/Attitude.pde:647: warning: 'int16_t get_z_damping()' defined but not used
autogenerated:66: warning: 'void send_simstate(mavlink_channel_t)' declared 'static' but never defined
/root/apm/ardupilot-mega/ArduCopter/Log.pde:344: warning: 'void Log_Write_Raw()' defined but not used
autogenerated:143: warning: 'void Log_Write_PID()' declared 'static' but never defined
/root/apm/ardupilot-mega/ArduCopter/commands_logic.pde:746: warning: 'void do_target_yaw()' defined but not used
/root/apm/ardupilot-mega/ArduCopter/commands_logic.pde:755: warning: 'void do_loiter_at_location()' defined but not used
/root/apm/ardupilot-mega/ArduCopter/events.pde:65: warning: 'void low_battery_event()' defined but not used
/root/apm/ardupilot-mega/ArduCopter/navigation.pde:309: warning: 'void clear_new_altitude()' defined but not used
autogenerated:264: warning: 'void ReadSCP1000()' declared 'static' but never defined
autogenerated:265: warning: 'void init_sonar()' declared 'static' but never defined
autogenerated:266: warning: 'void init_barometer()' declared 'static' but never defined
autogenerated:267: warning: 'int32_t read_barometer()' declared 'static' but never defined
/root/apm/ardupilot-mega/ArduCopter/setup.pde:1162: warning: 'bool wait_for_yes()' defined but not used
autogenerated:306: warning: 'boolean check_startup_for_CLI()' declared 'static' but never defined
autogenerated:308: warning: 'void check_usb_mux()' declared 'static' but never defined
/root/apm/ardupilot-mega/ArduCopter/ArduCopter.pde:460: warning: 'rc_override' defined but not used
/root/apm/ardupilot-mega/ArduCopter/ArduCopter.pde:462: warning: 'rc_override_active' defined but not used
/root/apm/ardupilot-mega/ArduCopter/ArduCopter.pde:464: warning: 'rc_override_fs_timer' defined but not used
/root/apm/ardupilot-mega/ArduCopter/test.pde:36: warning: 'int8_t test_rawgps(uint8_t, const Menu::arg*)' declared 'static' but never defined
%% libraries/AC_PID/AC_PID.o
%% libraries/APM_PI/APM_PI.o
%% libraries/APM_RC/APM_RC_APM1.o
%% libraries/APM_RC/APM_RC_APM2.o
%% libraries/AP_ADC/AP_ADC_ADS7844.o
%% libraries/AP_ADC/AP_ADC.o
%% libraries/AP_ADC/AP_ADC_HIL.o
%% libraries/AP_AHRS/AP_AHRS.o
%% libraries/AP_AHRS/AP_AHRS_DCM.o
%% libraries/AP_AHRS/AP_AHRS_HIL.o
%% libraries/AP_AHRS/AP_AHRS_MPU6000.o
%% libraries/AP_Airspeed/AP_Airspeed.o
%% libraries/AP_AnalogSource/AP_AnalogSource_ADC.o
%% libraries/AP_AnalogSource/AP_AnalogSource_Arduino.o
%% libraries/AP_Baro/AP_Baro_BMP085.o
%% libraries/AP_Baro/AP_Baro_BMP085_hil.o
%% libraries/AP_Baro/AP_Baro.o
%% libraries/AP_Baro/AP_Baro_MS5611.o
%% libraries/AP_Camera/AP_Camera.o
%% libraries/AP_Common/AP_Common.o
%% libraries/AP_Common/AP_Loop.o
%% libraries/AP_Common/AP_MetaClass.o
In file included from /root/apm/ardupilot-mega/libraries/AP_Common/AP_MetaClass.cpp:14:
/root/apm/ardupilot-mega/libraries/AP_Common/AP_MetaClass.h: In member function 'uintptr_t AP_Meta_class::meta_get_handle() const':
/root/apm/ardupilot-mega/libraries/AP_Common/AP_MetaClass.h:111: warning: left shift count >= width of type
/root/apm/ardupilot-mega/libraries/AP_Common/AP_MetaClass.h: In static member function 'static AP_Meta_class* AP_Meta_class::meta_validate_handle(uintptr_t)':
/root/apm/ardupilot-mega/libraries/AP_Common/AP_MetaClass.h:128: warning: right shift count >= width of type
%% libraries/AP_Common/AP_Param.o
%% libraries/AP_Common/AP_Var_menufuncs.o
%% libraries/AP_Common/c++.o
%% libraries/AP_Common/menu.o
%% libraries/AP_Compass/AP_Compass_HIL.o
%% libraries/AP_Compass/AP_Compass_HMC5843.o
%% libraries/AP_Compass/Compass.o
%% libraries/AP_Declination/AP_Declination.o
%% libraries/AP_GPS/AP_GPS_406.o
%% libraries/AP_GPS/AP_GPS_Auto.o
%% libraries/AP_GPS/AP_GPS_HIL.o
%% libraries/AP_GPS/AP_GPS_IMU.o
%% libraries/AP_GPS/AP_GPS_MTK16.o
%% libraries/AP_GPS/AP_GPS_MTK.o
%% libraries/AP_GPS/AP_GPS_NMEA.o
%% libraries/AP_GPS/AP_GPS_SIRF.o
%% libraries/AP_GPS/AP_GPS_UBLOX.o
%% libraries/AP_GPS/GPS.o
%% libraries/AP_IMU/AP_IMU_INS.o
%% libraries/AP_IMU/IMU.o
%% libraries/AP_InertialSensor/AP_InertialSensor_MPU6000.o
%% libraries/AP_InertialSensor/AP_InertialSensor_Oilpan.o
%% libraries/AP_InertialSensor/AP_InertialSensor_Stub.o
%% libraries/AP_LeadFilter/AP_LeadFilter.o
%% libraries/AP_Limits/AP_Limit_Altitude.o
%% libraries/AP_Limits/AP_Limit_Geofence.o
%% libraries/AP_Limits/AP_Limit_GPSLock.o
%% libraries/AP_Limits/AP_Limit_Module.o
%% libraries/AP_Limits/AP_Limits.o
%% libraries/AP_Math/AP_Math.o
%% libraries/AP_Math/location.o
%% libraries/AP_Math/matrix3.o
%% libraries/AP_Math/polygon.o
%% libraries/AP_Math/quaternion.o
%% libraries/AP_Math/vector3.o
%% libraries/AP_Motors/AP_Motors.o
%% libraries/AP_Motors/AP_MotorsHeli.o
%% libraries/AP_Motors/AP_MotorsHexa.o
%% libraries/AP_Motors/AP_MotorsMatrix.o
%% libraries/AP_Motors/AP_MotorsOcta.o
%% libraries/AP_Motors/AP_MotorsOctaQuad.o
%% libraries/AP_Motors/AP_MotorsQuad.o
%% libraries/AP_Motors/AP_MotorsTri.o
%% libraries/AP_Motors/AP_MotorsY6.o
%% libraries/AP_Mount/AP_Mount.o
%% libraries/AP_OpticalFlow/AP_OpticalFlow_ADNS3080_APM2.o
%% libraries/AP_OpticalFlow/AP_OpticalFlow_ADNS3080.o
%% libraries/AP_OpticalFlow/AP_OpticalFlow.o
%% libraries/AP_PeriodicProcess/AP_PeriodicProcessStub.o
%% libraries/AP_PeriodicProcess/AP_TimerProcess.o
%% libraries/AP_RangeFinder/AP_RangeFinder_MaxsonarXL.o
%% libraries/AP_RangeFinder/AP_RangeFinder_SharpGP2Y.o
%% libraries/AP_RangeFinder/RangeFinder.o
%% libraries/AP_Relay/AP_Relay.o
%% libraries/Arduino_Mega_ISR_Registry/Arduino_Mega_ISR_Registry.o
%% libraries/DataFlash/DataFlash_APM1.o
%% libraries/DataFlash/DataFlash_APM2.o
%% libraries/DataFlash/DataFlash.o
%% libraries/FastSerial/BetterStream.o
%% libraries/FastSerial/FastSerial.o
%% libraries/FastSerial/vprintf.o
%% libraries/Filter/DerivativeFilter.o
%% libraries/GCS_MAVLink/GCS_MAVLink.o
%% libraries/I2C/I2C.o
%% libraries/RC_Channel/RC_Channel_aux.o
%% libraries/RC_Channel/RC_Channel.o
%% libraries/SITL/SITL.o
%% libraries/memcheck/memcheck.o
%% libraries/FastSerial/ftoa_engine.o
%% libraries/FastSerial/ultoa_invert.o
%% libraries/SPI/SPI.o
%% arduino/CDC.o
%% arduino/HardwareSerial.o
%% arduino/HID.o
%% arduino/IPAddress.o
%% arduino/main.o
%% arduino/new.o
%% arduino/Print.o
/usr/local/share/arduino/hardware/arduino/cores/arduino/Print.cpp: In member function 'size_t Print::print(const __FlashStringHelper*)':
/usr/local/share/arduino/hardware/arduino/cores/arduino/Print.cpp:44: warning: '__progmem__' attribute ignored
%% arduino/Stream.o
%% arduino/Tone.o
/usr/local/share/arduino/hardware/arduino/cores/arduino/Tone.cpp:93: warning: only initialized variables can be placed into program memory area
%% arduino/USBCore.o
%% arduino/WMath.o
%% arduino/WString.o
%% arduino/core.a
%% ArduCopter.elf
%% ArduCopter.eep
%% ArduCopter.hex
