%% ArduPlane.cpp
%% ArduPlane.o
%% libraries/APM_Control/AP_PitchController.o
%% libraries/APM_Control/AP_RollController.o
%% libraries/APM_Control/AP_YawController.o
%% libraries/APM_OBC/APM_OBC.o
%% libraries/AP_ADC/AP_ADC_ADS7844.o
%% libraries/AP_ADC/AP_ADC.o
%% libraries/AP_ADC/AP_ADC_HIL.o
%% libraries/AP_ADC_AnalogSource/AP_ADC_AnalogSource.o
%% libraries/AP_AHRS/AP_AHRS.o
%% libraries/AP_AHRS/AP_AHRS_DCM.o
%% libraries/AP_AHRS/AP_AHRS_HIL.o
%% libraries/AP_AHRS/AP_AHRS_MPU6000.o
%% libraries/AP_Airspeed/AP_Airspeed.o
%% libraries/AP_Baro/AP_Baro_BMP085.o
%% libraries/AP_Baro/AP_Baro_BMP085_hil.o
%% libraries/AP_Baro/AP_Baro.o
%% libraries/AP_Baro/AP_Baro_MS5611.o
%% libraries/AP_Baro/AP_Baro_PX4.o
%% libraries/AP_Camera/AP_Camera.o
%% libraries/AP_Common/c++.o
%% libraries/AP_Compass/AP_Compass_HIL.o
%% libraries/AP_Compass/AP_Compass_HMC5843.o
%% libraries/AP_Compass/AP_Compass_PX4.o
%% libraries/AP_Compass/Compass.o
%% libraries/AP_Declination/AP_Declination.o
%% libraries/AP_GPS/AP_GPS_406.o
%% libraries/AP_GPS/AP_GPS_Auto.o
%% libraries/AP_GPS/AP_GPS_HIL.o
%% libraries/AP_GPS/AP_GPS_MTK16.o
%% libraries/AP_GPS/AP_GPS_MTK19.o
%% libraries/AP_GPS/AP_GPS_MTK.o
%% libraries/AP_GPS/AP_GPS_NMEA.o
%% libraries/AP_GPS/AP_GPS_SIRF.o
%% libraries/AP_GPS/AP_GPS_UBLOX.o
%% libraries/AP_GPS/GPS.o
%% libraries/AP_HAL_AVR/AnalogIn_ADC.o
%% libraries/AP_HAL_AVR/AnalogIn_Common.o
%% libraries/AP_HAL_AVR/Console.o
%% libraries/AP_HAL_AVR/GPIO.o
%% libraries/AP_HAL_AVR/HAL_AVR_APM1_Class.o
%% libraries/AP_HAL_AVR/HAL_AVR_APM2_Class.o
%% libraries/AP_HAL_AVR/I2CDriver.o
%% libraries/AP_HAL_AVR/RCInput_APM1.o
%% libraries/AP_HAL_AVR/RCInput_APM2.o
%% libraries/AP_HAL_AVR/RCOutput_APM1.o
%% libraries/AP_HAL_AVR/RCOutput_APM2.o
%% libraries/AP_HAL_AVR/Scheduler.o
%% libraries/AP_HAL_AVR/Scheduler_Timer.o
%% libraries/AP_HAL_AVR/Semaphores.o
%% libraries/AP_HAL_AVR/SPIDeviceManager_APM1.o
%% libraries/AP_HAL_AVR/SPIDeviceManager_APM2.o
%% libraries/AP_HAL_AVR/SPIDevice_SPI0.o
%% libraries/AP_HAL_AVR/SPIDevice_SPI2.o
%% libraries/AP_HAL_AVR/SPIDevice_SPI3.o
%% libraries/AP_HAL_AVR/Storage.o
%% libraries/AP_HAL_AVR/UARTDriver.o
%% libraries/AP_HAL_AVR/Util.o
%% libraries/AP_HAL_AVR_SITL/AnalogIn.o
%% libraries/AP_HAL_AVR_SITL/Console.o
%% libraries/AP_HAL_AVR_SITL/HAL_AVR_SITL_Class.o
%% libraries/AP_HAL_AVR_SITL/RCInput.o
%% libraries/AP_HAL_AVR_SITL/RCOutput.o
%% libraries/AP_HAL_AVR_SITL/Scheduler.o
%% libraries/AP_HAL_AVR_SITL/sitl_barometer.o
%% libraries/AP_HAL_AVR_SITL/sitl_compass.o
%% libraries/AP_HAL_AVR_SITL/sitl_gps.o
%% libraries/AP_HAL_AVR_SITL/sitl_ins.o
%% libraries/AP_HAL_AVR_SITL/SITL_State.o
%% libraries/AP_HAL_AVR_SITL/Storage.o
%% libraries/AP_HAL_AVR_SITL/UARTDriver.o
%% libraries/AP_HAL_AVR_SITL/Util.o
%% libraries/AP_HAL_Empty/AnalogIn.o
%% libraries/AP_HAL_Empty/Console.o
%% libraries/AP_HAL_Empty/GPIO.o
%% libraries/AP_HAL_Empty/HAL_Empty_Class.o
%% libraries/AP_HAL_Empty/I2CDriver.o
%% libraries/AP_HAL_Empty/PrivateMember.o
%% libraries/AP_HAL_Empty/RCInput.o
%% libraries/AP_HAL_Empty/RCOutput.o
%% libraries/AP_HAL_Empty/Scheduler.o
%% libraries/AP_HAL_Empty/Semaphores.o
%% libraries/AP_HAL_Empty/SPIDriver.o
%% libraries/AP_HAL_Empty/Storage.o
%% libraries/AP_HAL_Empty/UARTDriver.o
%% libraries/AP_HAL_Empty/Util.o
%% libraries/AP_HAL_PX4/AnalogIn.o
%% libraries/AP_HAL_PX4/Console.o
%% libraries/AP_HAL_PX4/HAL_PX4_Class.o
%% libraries/AP_HAL_PX4/RCInput.o
%% libraries/AP_HAL_PX4/RCOutput.o
%% libraries/AP_HAL_PX4/Scheduler.o
%% libraries/AP_HAL_PX4/Storage.o
%% libraries/AP_HAL_PX4/UARTDriver.o
%% libraries/AP_HAL_PX4/Util.o
%% libraries/AP_InertialSensor/AP_InertialSensor.o
%% libraries/AP_InertialSensor/AP_InertialSensor_MPU6000.o
%% libraries/AP_InertialSensor/AP_InertialSensor_Oilpan.o
%% libraries/AP_InertialSensor/AP_InertialSensor_PX4.o
%% libraries/AP_InertialSensor/AP_InertialSensor_Stub.o
%% libraries/AP_InertialSensor/AP_InertialSensor_UserInteract_Stream.o
%% libraries/AP_Math/AP_Math.o
%% libraries/AP_Math/location.o
%% libraries/AP_Math/matrix3.o
%% libraries/AP_Math/polygon.o
%% libraries/AP_Math/quaternion.o
%% libraries/AP_Math/vector2.o
%% libraries/AP_Math/vector3.o
%% libraries/AP_Menu/AP_Menu.o
%% libraries/AP_Mount/AP_Mount.o
%% libraries/AP_Param/AP_Param.o
%% libraries/AP_Progmem/AP_Progmem_AVR.o
%% libraries/AP_RangeFinder/AP_RangeFinder_MaxsonarI2CXL.o
%% libraries/AP_RangeFinder/AP_RangeFinder_MaxsonarXL.o
%% libraries/AP_RangeFinder/AP_RangeFinder_SharpGP2Y.o
%% libraries/AP_RangeFinder/RangeFinder.o
%% libraries/AP_Relay/AP_Relay.o
%% libraries/DataFlash/DataFlash_APM1.o
%% libraries/DataFlash/DataFlash_APM2.o
%% libraries/DataFlash/DataFlash.o
%% libraries/DataFlash/DataFlash_Empty.o
%% libraries/DataFlash/DataFlash_SITL.o
%% libraries/DataFlash/LogFile.o
%% libraries/Filter/DerivativeFilter.o
%% libraries/GCS_MAVLink/GCS_MAVLink.o
%% libraries/PID/PID.o
%% libraries/RC_Channel/RC_Channel_aux.o
%% libraries/RC_Channel/RC_Channel.o
%% libraries/SITL/SITL.o
%% libraries/memcheck/memcheck.o
%% libraries/AP_HAL/utility/Print.o
%% libraries/AP_HAL_AVR/utility/ISRRegistry.o
%% libraries/AP_HAL_AVR/utility/print_vprintf.o
%% libraries/AP_HAL_AVR_SITL/utility/print_vprintf.o
%% libraries/AP_HAL_AVR/utility/pins_arduino_mega.o
%% libraries/AP_HAL_AVR/utility/ftoa_engine.o
%% libraries/AP_HAL_AVR/utility/ultoa_invert.o
%% arduino/core.a
%% ArduPlane.elf
%% ArduPlane.eep
%% ArduPlane.hex
