../libraries/AP_Common/Arduino.mk:178: WARNING: More than one copy of Arduino was found, using /usr/local/share/arduino
%% ArduPlane.cpp
%% ArduPlane.o
/root/apm/ardupilot-mega/ArduPlane/GCS_Mavlink.pde: In function 'bool telemetry_delayed(mavlink_channel_t)':
/root/apm/ardupilot-mega/ArduPlane/GCS_Mavlink.pde:498: warning: comparison between signed and unsigned integer expressions
autogenerated: At global scope:
autogenerated:45: warning: 'void send_simstate(mavlink_channel_t)' declared 'static' but never defined
%% libraries/APM_Control/AP_PitchController.o
%% libraries/APM_Control/AP_RollController.o
%% libraries/APM_Control/AP_YawController.o
%% libraries/APM_OBC/APM_OBC.o
%% libraries/APM_RC/APM_RC_APM1.o
%% libraries/APM_RC/APM_RC_APM2.o
%% libraries/APM_RC/APM_RC.o
%% libraries/AP_ADC/AP_ADC_ADS7844.o
%% libraries/AP_ADC/AP_ADC.o
%% libraries/AP_ADC/AP_ADC_HIL.o
%% libraries/AP_AHRS/AP_AHRS.o
%% libraries/AP_AHRS/AP_AHRS_DCM.o
%% libraries/AP_AHRS/AP_AHRS_HIL.o
%% libraries/AP_AHRS/AP_AHRS_MPU6000.o
%% libraries/AP_Airspeed/AP_Airspeed.o
%% libraries/AP_AnalogSource/AP_AnalogSource_ADC.o
%% libraries/AP_AnalogSource/AP_AnalogSource_Arduino.o
%% libraries/AP_Baro/AP_Baro_BMP085.o
%% libraries/AP_Baro/AP_Baro_BMP085_hil.o
%% libraries/AP_Baro/AP_Baro.o
%% libraries/AP_Baro/AP_Baro_MS5611.o
%% libraries/AP_Camera/AP_Camera.o
%% libraries/AP_Common/AP_Common.o
%% libraries/AP_Common/AP_Loop.o
%% libraries/AP_Common/AP_Param.o
%% libraries/AP_Common/AP_Var_menufuncs.o
%% libraries/AP_Common/c++.o
%% libraries/AP_Compass/AP_Compass_HIL.o
%% libraries/AP_Compass/AP_Compass_HMC5843.o
%% libraries/AP_Compass/Compass.o
%% libraries/AP_Declination/AP_Declination.o
%% libraries/AP_GPS/AP_GPS_406.o
%% libraries/AP_GPS/AP_GPS_Auto.o
%% libraries/AP_GPS/AP_GPS_HIL.o
%% libraries/AP_GPS/AP_GPS_IMU.o
%% libraries/AP_GPS/AP_GPS_MTK16.o
%% libraries/AP_GPS/AP_GPS_MTK.o
%% libraries/AP_GPS/AP_GPS_NMEA.o
%% libraries/AP_GPS/AP_GPS_SIRF.o
%% libraries/AP_GPS/AP_GPS_UBLOX.o
%% libraries/AP_GPS/GPS.o
%% libraries/AP_InertialSensor/AP_InertialSensor.o
/root/apm/ardupilot-mega/libraries/AP_InertialSensor/AP_InertialSensor.cpp: In member function 'virtual bool AP_InertialSensor::calibrate_accel(void (*)(long unsigned int), void (*)(bool), void (*)(const prog_char_t*, ...), void (*)())':
/root/apm/ardupilot-mega/libraries/AP_InertialSensor/AP_InertialSensor.cpp:287: warning: 'msg' may be used uninitialized in this function
%% libraries/AP_InertialSensor/AP_InertialSensor_MPU6000.o
%% libraries/AP_InertialSensor/AP_InertialSensor_Oilpan.o
%% libraries/AP_InertialSensor/AP_InertialSensor_Stub.o
%% libraries/AP_Math/AP_Math.o
%% libraries/AP_Math/location.o
%% libraries/AP_Math/matrix3.o
%% libraries/AP_Math/polygon.o
%% libraries/AP_Math/quaternion.o
%% libraries/AP_Math/vector3.o
%% libraries/AP_Menu/AP_Menu.o
%% libraries/AP_Mount/AP_Mount.o
%% libraries/AP_PeriodicProcess/AP_PeriodicProcessStub.o
%% libraries/AP_PeriodicProcess/AP_TimerProcess.o
%% libraries/AP_RangeFinder/AP_RangeFinder_MaxsonarI2CXL.o
%% libraries/AP_RangeFinder/AP_RangeFinder_MaxsonarXL.o
%% libraries/AP_RangeFinder/AP_RangeFinder_SharpGP2Y.o
%% libraries/AP_RangeFinder/RangeFinder.o
%% libraries/AP_Relay/AP_Relay.o
%% libraries/AP_Semaphore/AP_Semaphore.o
%% libraries/Arduino_Mega_ISR_Registry/Arduino_Mega_ISR_Registry.o
%% libraries/DataFlash/DataFlash_APM1.o
%% libraries/DataFlash/DataFlash_APM2.o
%% libraries/DataFlash/DataFlash.o
%% libraries/FastSerial/BetterStream.o
%% libraries/FastSerial/FastSerial.o
%% libraries/FastSerial/vprintf.o
%% libraries/Filter/DerivativeFilter.o
%% libraries/Filter/ThirdOrderCompFilter.o
%% libraries/GCS_MAVLink/GCS_MAVLink.o
%% libraries/I2C/I2C.o
%% libraries/PID/PID.o
%% libraries/RC_Channel/RC_Channel_aux.o
%% libraries/RC_Channel/RC_Channel.o
%% libraries/SITL/SITL.o
%% libraries/memcheck/memcheck.o
%% libraries/FastSerial/ftoa_engine.o
%% libraries/FastSerial/ultoa_invert.o
%% libraries/SPI/SPI.o
%% arduino/CDC.o
%% arduino/HardwareSerial.o
%% arduino/HID.o
%% arduino/IPAddress.o
%% arduino/main.o
%% arduino/new.o
%% arduino/Print.o
/usr/local/share/arduino/hardware/arduino/cores/arduino/Print.cpp: In member function 'size_t Print::print(const __FlashStringHelper*)':
/usr/local/share/arduino/hardware/arduino/cores/arduino/Print.cpp:44: warning: '__progmem__' attribute ignored
%% arduino/Stream.o
%% arduino/Tone.o
/usr/local/share/arduino/hardware/arduino/cores/arduino/Tone.cpp:93: warning: only initialized variables can be placed into program memory area
%% arduino/USBCore.o
%% arduino/WMath.o
%% arduino/WString.o
%% arduino/core.a
%% ArduPlane.elf
%% ArduPlane.eep
%% ArduPlane.hex
